0 info it worked if it ends with ok
1 verbose cli [ 'C:\\Program Files\\nodejs\\node.exe',
1 verbose cli   'C:\\Users\\vau\\AppData\\Roaming\\npm\\node_modules\\npm\\bin\\npm-cli.js',
1 verbose cli   'adduser' ]
2 info using npm@4.1.1
3 info using node@v6.9.4
4 verbose adduser before first PUT { _id: 'org.couchdb.user:egee',
4 verbose adduser   name: 'egee',
4 verbose adduser   password: 'XXXXX',
4 verbose adduser   email: 'vau@egee.fr',
4 verbose adduser   type: 'user',
4 verbose adduser   roles: [],
4 verbose adduser   date: '2017-05-03T08:29:49.750Z' }
5 verbose request uri https://github.com/egeesa/ionic-plugin-egee.git/-/user/org.couchdb.user:egee
6 verbose request new user, so can't send auth
7 info attempt registry request try #1 at 10:29:49
8 verbose request id e630783f1d9fb72e
9 http request PUT https://github.com/egeesa/ionic-plugin-egee.git/-/user/org.couchdb.user:egee
10 http 403 https://github.com/egeesa/ionic-plugin-egee.git/-/user/org.couchdb.user:egee
11 verbose bad json Cookies must be enabled to use GitHub.
12 error registry error parsing json
13 verbose headers { server: 'GitHub.com',
13 verbose headers   date: 'Wed, 03 May 2017 08:29:50 GMT',
13 verbose headers   'content-type': 'text/plain; charset=utf-8',
13 verbose headers   'transfer-encoding': 'chunked',
13 verbose headers   status: '403 Forbidden',
13 verbose headers   'cache-control': 'no-cache',
13 verbose headers   vary: 'X-PJAX',
13 verbose headers   'x-ua-compatible': 'IE=Edge,chrome=1',
13 verbose headers   'set-cookie': [ '_gh_sess=eyJzZXNzaW9uX2lkIjoiYTg1MWE2YTcwMmQ2YTBlNDJmZDU4ZjBmMDE2YmZkYzEiLCJyZWZlcnJhbF9jb2RlIjoiYWRkdXNlciIsImxhc3Rfd3JpdGUiOjE0OTM4MDAxOTA4NTF9--29472a21ae39a6be8cf6f686a2a4bd72c5acdadd; path=/; secure; HttpOnly' ],
13 verbose headers   'x-request-id': '083ba418e0b02a00cc5434f36dd3275b',
13 verbose headers   'x-runtime': '0.003835',
13 verbose headers   'content-security-policy': 'default-src \'none\'; base-uri \'self\'; block-all-mixed-content; child-src render.githubusercontent.com; connect-src \'self\' uploads.github.com status.github.com collector.githubapp.com api.github.com www.google-analytics.com github-cloud.s3.amazonaws.com wss://live.github.com; font-src assets-cdn.github.com; form-action \'self\' github.com gist.github.com; frame-ancestors \'none\'; img-src \'self\' data: assets-cdn.github.com identicons.github.com collector.githubapp.com github-cloud.s3.amazonaws.com *.githubusercontent.com; media-src \'none\'; script-src assets-cdn.github.com; style-src \'unsafe-inline\' assets-cdn.github.com',
13 verbose headers   'strict-transport-security': 'max-age=31536000; includeSubdomains; preload',
13 verbose headers   'public-key-pins': 'max-age=5184000; pin-sha256="WoiWRyIOVNa9ihaBciRSC7XHjliYS9VwUGOIud4PB18="; pin-sha256="RRM1dGqnDFsCJXBTHky16vi1obOlCgFFn/yOhI/y+ho="; pin-sha256="k2v657xBsOVe1PQRwOsHsw3bsGT2VzIqz5K+59sNQws="; pin-sha256="K87oWBWM9UZfyddvDfoxL+8lpNyoUB2ptGtn0fv6G2Q="; pin-sha256="IQBnNBEiFuhj+8x6X8XLgh01V9Ic5/V3IRQLNFFc7v4="; pin-sha256="iie1VXtL7HzAMF+/PVPR9xzT80kQxdZeJ+zduCB3uj0="; pin-sha256="LvRiGEjRqfzurezaWuj8Wie2gyHMrW5Q06LspMnox7A="; includeSubDomains',
13 verbose headers   'x-content-type-options': 'nosniff',
13 verbose headers   'x-frame-options': 'deny',
13 verbose headers   'x-xss-protection': '1; mode=block',
13 verbose headers   'content-encoding': 'gzip',
13 verbose headers   'x-github-request-id': 'F20F:404A:5BA7F6:885BBA:590994FE' }
14 verbose request invalidating C:\Users\vau\AppData\Roaming\npm-cache\github.com\egeesa\ionic-plugin-egee.git\-\user\org.couchdb.user_3Aegee on PUT
15 verbose adduser back [ SyntaxError: Unexpected token C in JSON at position 0
15 verbose adduser   Cookies must be enabled to use GitHub.
15 verbose adduser       at Object.parse (native)
15 verbose adduser       at CachingRegistryClient.<anonymous> (C:\Users\vau\AppData\Roaming\npm\node_modules\npm\node_modules\npm-registry-client\lib\request.js:239:23)
15 verbose adduser       at C:\Users\vau\AppData\Roaming\npm\node_modules\npm\node_modules\npm-registry-client\lib\request.js:218:7
15 verbose adduser       at Gunzip.onEnd (zlib.js:227:5)
15 verbose adduser       at emitNone (events.js:91:20)
15 verbose adduser       at Gunzip.emit (events.js:185:7)
15 verbose adduser       at endReadableNT (_stream_readable.js:974:12)
15 verbose adduser       at _combinedTickCallback (internal/process/next_tick.js:74:11)
15 verbose adduser       at process._tickCallback (internal/process/next_tick.js:98:9),
15 verbose adduser   null,
15 verbose adduser   'Cookies must be enabled to use GitHub.' ]
16 warn adduser Incorrect username or password
16 warn adduser You can reset your account by visiting:
16 warn adduser
16 warn adduser     https://npmjs.org/forgot
17 verbose stack SyntaxError: Unexpected token C in JSON at position 0
17 verbose stack Cookies must be enabled to use GitHub.
17 verbose stack     at Object.parse (native)
17 verbose stack     at CachingRegistryClient.<anonymous> (C:\Users\vau\AppData\Roaming\npm\node_modules\npm\node_modules\npm-registry-client\lib\request.js:239:23)
17 verbose stack     at C:\Users\vau\AppData\Roaming\npm\node_modules\npm\node_modules\npm-registry-client\lib\request.js:218:7
17 verbose stack     at Gunzip.onEnd (zlib.js:227:5)
17 verbose stack     at emitNone (events.js:91:20)
17 verbose stack     at Gunzip.emit (events.js:185:7)
17 verbose stack     at endReadableNT (_stream_readable.js:974:12)
17 verbose stack     at _combinedTickCallback (internal/process/next_tick.js:74:11)
17 verbose stack     at process._tickCallback (internal/process/next_tick.js:98:9)
18 verbose cwd C:\Projets GIT\ionic-plugin-egee
19 error Windows_NT 6.1.7601
20 error argv "C:\\Program Files\\nodejs\\node.exe" "C:\\Users\\vau\\AppData\\Roaming\\npm\\node_modules\\npm\\bin\\npm-cli.js" "adduser"
21 error node v6.9.4
22 error npm  v4.1.1
23 error Unexpected token C in JSON at position 0
23 error Cookies must be enabled to use GitHub.
24 error If you need help, you may report this error at:
24 error     <https://github.com/npm/npm/issues>
25 verbose exit [ 1, true ]
